# Logfile created on 2016-05-18 13:21:06 +0100 by logger.rb/36483
  INFO ---------------------------------------------------------------------------
  INFO START 2016-05-18 13:21:06 +0100 cap production deploy
  INFO ---------------------------------------------------------------------------
  INFO ---------------------------------------------------------------------------
  INFO START 2016-05-18 18:08:04 +0100 cap production deploy
  INFO ---------------------------------------------------------------------------
  INFO ---------------------------------------------------------------------------
  INFO START 2016-05-18 18:09:33 +0100 cap production deploy
  INFO ---------------------------------------------------------------------------
  INFO ---------------------------------------------------------------------------
  INFO START 2016-05-18 18:10:35 +0100 cap production deploy
  INFO ---------------------------------------------------------------------------
  INFO ---------------------------------------------------------------------------
  INFO START 2016-05-18 18:12:29 +0100 cap production deploy
  INFO ---------------------------------------------------------------------------
  INFO [cffcf79f] Running /usr/bin/env mkdir -p /tmp/Cocept/ as max@cocept.io
 DEBUG [cffcf79f] Command: /usr/bin/env mkdir -p /tmp/Cocept/
  INFO [cffcf79f] Finished in 0.446 seconds with exit status 0 (successful).
 DEBUG Uploading /tmp/Cocept/git-ssh.sh 0.0%
  INFO Uploading /tmp/Cocept/git-ssh.sh 100.0%
  INFO [99282f38] Running /usr/bin/env chmod +rx /tmp/Cocept/git-ssh.sh as max@cocept.io
 DEBUG [99282f38] Command: /usr/bin/env chmod +rx /tmp/Cocept/git-ssh.sh
  INFO [99282f38] Finished in 0.051 seconds with exit status 0 (successful).
  INFO [f9934446] Running /usr/bin/env git ls-remote --heads git@github.com:cocept/cocept.github.io.git as max@cocept.io
 DEBUG [f9934446] Command: ( export GIT_ASKPASS="/bin/echo" GIT_SSH="/tmp/Cocept/git-ssh.sh" ; /usr/bin/env git ls-remote --heads git@github.com:cocept/cocept.github.io.git )
 DEBUG [f9934446] 	91cb4d48fe54b281193611fb98f5a6d687c3692f	refs/heads/canvas
1ea06adec530f7a87981d7c5ed1ef645e3be5a12	refs/heads/master
  INFO [f9934446] Finished in 1.656 seconds with exit status 0 (successful).
  INFO [6f8247df] Running /usr/bin/env mkdir -p /home/max/www/cocept-cap/shared /home/max/www/cocept-cap/releases as max@cocept.io
 DEBUG [6f8247df] Command: /usr/bin/env mkdir -p /home/max/www/cocept-cap/shared /home/max/www/cocept-cap/releases
  INFO [6f8247df] Finished in 0.071 seconds with exit status 0 (successful).
 DEBUG [00862f04] Running [ -f /home/max/www/cocept-cap/current/REVISION ] as max@cocept.io
 DEBUG [00862f04] Command: [ -f /home/max/www/cocept-cap/current/REVISION ]
 DEBUG [00862f04] Finished in 0.050 seconds with exit status 1 (failed).
 DEBUG [e082e36b] Running [ -f /home/max/www/cocept-cap/repo/HEAD ] as max@cocept.io
 DEBUG [e082e36b] Command: [ -f /home/max/www/cocept-cap/repo/HEAD ]
 DEBUG [e082e36b] Finished in 0.049 seconds with exit status 1 (failed).
 DEBUG [5bdda52e] Running if test ! -d /home/max/www/cocept-cap; then echo "Directory does not exist '/home/max/www/cocept-cap'" 1>&2; false; fi as max@cocept.io
 DEBUG [5bdda52e] Command: if test ! -d /home/max/www/cocept-cap; then echo "Directory does not exist '/home/max/www/cocept-cap'" 1>&2; false; fi
 DEBUG [5bdda52e] Finished in 0.051 seconds with exit status 0 (successful).
  INFO [271b2969] Running /usr/bin/env git clone --mirror git@github.com:cocept/cocept.github.io.git /home/max/www/cocept-cap/repo as max@cocept.io
 DEBUG [271b2969] Command: cd /home/max/www/cocept-cap && ( export GIT_ASKPASS="/bin/echo" GIT_SSH="/tmp/Cocept/git-ssh.sh" ; /usr/bin/env git clone --mirror git@github.com:cocept/cocept.github.io.git /home/max/www/cocept-cap/repo )
 DEBUG [271b2969] 	Cloning into bare repository '/home/max/www/cocept-cap/repo'...
  INFO [271b2969] Finished in 8.065 seconds with exit status 0 (successful).
 DEBUG [8dbe7138] Running if test ! -d /home/max/www/cocept-cap/repo; then echo "Directory does not exist '/home/max/www/cocept-cap/repo'" 1>&2; false; fi as max@cocept.io
 DEBUG [8dbe7138] Command: if test ! -d /home/max/www/cocept-cap/repo; then echo "Directory does not exist '/home/max/www/cocept-cap/repo'" 1>&2; false; fi
 DEBUG [8dbe7138] Finished in 0.072 seconds with exit status 0 (successful).
  INFO [71b89e97] Running /usr/bin/env git remote update --prune as max@cocept.io
 DEBUG [71b89e97] Command: cd /home/max/www/cocept-cap/repo && ( export GIT_ASKPASS="/bin/echo" GIT_SSH="/tmp/Cocept/git-ssh.sh" ; /usr/bin/env git remote update --prune )
 DEBUG [71b89e97] 	Fetching origin
  INFO [71b89e97] Finished in 1.770 seconds with exit status 0 (successful).
 DEBUG [2da202a7] Running if test ! -d /home/max/www/cocept-cap/repo; then echo "Directory does not exist '/home/max/www/cocept-cap/repo'" 1>&2; false; fi as max@cocept.io
 DEBUG [2da202a7] Command: if test ! -d /home/max/www/cocept-cap/repo; then echo "Directory does not exist '/home/max/www/cocept-cap/repo'" 1>&2; false; fi
 DEBUG [2da202a7] Finished in 0.066 seconds with exit status 0 (successful).
  INFO [2065cb21] Running /usr/bin/env mkdir -p /home/max/www/cocept-cap/releases/20160518171231 as max@cocept.io
 DEBUG [2065cb21] Command: cd /home/max/www/cocept-cap/repo && ( export GIT_ASKPASS="/bin/echo" GIT_SSH="/tmp/Cocept/git-ssh.sh" ; /usr/bin/env mkdir -p /home/max/www/cocept-cap/releases/20160518171231 )
  INFO [2065cb21] Finished in 0.056 seconds with exit status 0 (successful).
  INFO [22b473d8] Running /usr/bin/env git archive master | tar -x -f - -C /home/max/www/cocept-cap/releases/20160518171231 as max@cocept.io
 DEBUG [22b473d8] Command: cd /home/max/www/cocept-cap/repo && ( export GIT_ASKPASS="/bin/echo" GIT_SSH="/tmp/Cocept/git-ssh.sh" ; /usr/bin/env git archive master | tar -x -f - -C /home/max/www/cocept-cap/releases/20160518171231 )
  INFO [22b473d8] Finished in 0.143 seconds with exit status 0 (successful).
 DEBUG [18813d01] Running if test ! -d /home/max/www/cocept-cap/repo; then echo "Directory does not exist '/home/max/www/cocept-cap/repo'" 1>&2; false; fi as max@cocept.io
 DEBUG [18813d01] Command: if test ! -d /home/max/www/cocept-cap/repo; then echo "Directory does not exist '/home/max/www/cocept-cap/repo'" 1>&2; false; fi
 DEBUG [18813d01] Finished in 0.049 seconds with exit status 0 (successful).
 DEBUG [2efc5877] Running /usr/bin/env git rev-list --max-count=1 master as max@cocept.io
 DEBUG [2efc5877] Command: cd /home/max/www/cocept-cap/repo && ( export GIT_ASKPASS="/bin/echo" GIT_SSH="/tmp/Cocept/git-ssh.sh" ; /usr/bin/env git rev-list --max-count=1 master )
 DEBUG [2efc5877] 	1ea06adec530f7a87981d7c5ed1ef645e3be5a12
 DEBUG [2efc5877] Finished in 0.052 seconds with exit status 0 (successful).
 DEBUG [b986b3e1] Running if test ! -d /home/max/www/cocept-cap/releases/20160518171231; then echo "Directory does not exist '/home/max/www/cocept-cap/releases/20160518171231'" 1>&2; false; fi as max@cocept.io
 DEBUG [b986b3e1] Command: if test ! -d /home/max/www/cocept-cap/releases/20160518171231; then echo "Directory does not exist '/home/max/www/cocept-cap/releases/20160518171231'" 1>&2; false; fi
 DEBUG [b986b3e1] Finished in 0.050 seconds with exit status 0 (successful).
  INFO [b8933982] Running /usr/bin/env echo "1ea06adec530f7a87981d7c5ed1ef645e3be5a12" >> REVISION as max@cocept.io
 DEBUG [b8933982] Command: cd /home/max/www/cocept-cap/releases/20160518171231 && /usr/bin/env echo "1ea06adec530f7a87981d7c5ed1ef645e3be5a12" >> REVISION
  INFO [b8933982] Finished in 0.053 seconds with exit status 0 (successful).
  INFO [3f8973ef] Running /usr/bin/env ln -s /home/max/www/cocept-cap/releases/20160518171231 /home/max/www/cocept-cap/releases/current as max@cocept.io
 DEBUG [3f8973ef] Command: /usr/bin/env ln -s /home/max/www/cocept-cap/releases/20160518171231 /home/max/www/cocept-cap/releases/current
  INFO [3f8973ef] Finished in 0.051 seconds with exit status 0 (successful).
  INFO [38be661b] Running /usr/bin/env mv /home/max/www/cocept-cap/releases/current /home/max/www/cocept-cap as max@cocept.io
 DEBUG [38be661b] Command: /usr/bin/env mv /home/max/www/cocept-cap/releases/current /home/max/www/cocept-cap
  INFO [38be661b] Finished in 0.049 seconds with exit status 0 (successful).
 DEBUG [ee31472f] Running /usr/bin/env ls -xtr /home/max/www/cocept-cap/releases as max@cocept.io
 DEBUG [ee31472f] Command: /usr/bin/env ls -xtr /home/max/www/cocept-cap/releases
 DEBUG [ee31472f] 	20160518171231
 DEBUG [ee31472f] Finished in 0.052 seconds with exit status 0 (successful).
 DEBUG [41ec18ad] Running if test ! -d /home/max/www/cocept-cap/releases; then echo "Directory does not exist '/home/max/www/cocept-cap/releases'" 1>&2; false; fi as max@cocept.io
 DEBUG [41ec18ad] Command: if test ! -d /home/max/www/cocept-cap/releases; then echo "Directory does not exist '/home/max/www/cocept-cap/releases'" 1>&2; false; fi
 DEBUG [41ec18ad] Finished in 0.050 seconds with exit status 0 (successful).
  INFO [06d062e4] Running /usr/bin/env echo "Branch master (at 1ea06adec530f7a87981d7c5ed1ef645e3be5a12) deployed as release 20160518171231 by max" >> /home/max/www/cocept-cap/revisions.log as max@cocept.io
 DEBUG [06d062e4] Command: cd /home/max/www/cocept-cap/releases && /usr/bin/env echo "Branch master (at 1ea06adec530f7a87981d7c5ed1ef645e3be5a12) deployed as release 20160518171231 by max" >> /home/max/www/cocept-cap/revisions.log
  INFO [06d062e4] Finished in 0.051 seconds with exit status 0 (successful).
  INFO ---------------------------------------------------------------------------
  INFO START 2016-05-18 18:26:30 +0100 cap production deploy
  INFO ---------------------------------------------------------------------------
  INFO [d91cb90f] Running /usr/bin/env mkdir -p /tmp/Cocept/ as max@cocept.io
 DEBUG [d91cb90f] Command: /usr/bin/env mkdir -p /tmp/Cocept/
  INFO [d91cb90f] Finished in 0.760 seconds with exit status 0 (successful).
 DEBUG Uploading /tmp/Cocept/git-ssh.sh 0.0%
  INFO Uploading /tmp/Cocept/git-ssh.sh 100.0%
  INFO [d750287e] Running /usr/bin/env chmod +rx /tmp/Cocept/git-ssh.sh as max@cocept.io
 DEBUG [d750287e] Command: /usr/bin/env chmod +rx /tmp/Cocept/git-ssh.sh
  INFO [d750287e] Finished in 0.054 seconds with exit status 0 (successful).
  INFO [2d79165a] Running /usr/bin/env git ls-remote --heads git@github.com:cocept/cocept.github.io.git as max@cocept.io
 DEBUG [2d79165a] Command: ( export GIT_ASKPASS="/bin/echo" GIT_SSH="/tmp/Cocept/git-ssh.sh" ; /usr/bin/env git ls-remote --heads git@github.com:cocept/cocept.github.io.git )
 DEBUG [2d79165a] 	Warning: Permanently added the RSA host key for IP address '192.30.252.122' to the list of known hosts.
 DEBUG [2d79165a] 	91cb4d48fe54b281193611fb98f5a6d687c3692f	refs/heads/canvas
1ea06adec530f7a87981d7c5ed1ef645e3be5a12	refs/heads/master
  INFO [2d79165a] Finished in 1.775 seconds with exit status 0 (successful).
  INFO [f50f0f04] Running /usr/bin/env mkdir -p /home/max/www/cocept-cap/shared /home/max/www/cocept-cap/releases as max@cocept.io
 DEBUG [f50f0f04] Command: /usr/bin/env mkdir -p /home/max/www/cocept-cap/shared /home/max/www/cocept-cap/releases
  INFO [f50f0f04] Finished in 0.073 seconds with exit status 0 (successful).
 DEBUG [b7cef6df] Running [ -f /home/max/www/cocept-cap/current/REVISION ] as max@cocept.io
 DEBUG [b7cef6df] Command: [ -f /home/max/www/cocept-cap/current/REVISION ]
 DEBUG [b7cef6df] Finished in 0.049 seconds with exit status 0 (successful).
 DEBUG [9ef5af12] Running /usr/bin/env cat /home/max/www/cocept-cap/current/REVISION 2>/dev/null as max@cocept.io
 DEBUG [9ef5af12] Command: /usr/bin/env cat /home/max/www/cocept-cap/current/REVISION 2>/dev/null
 DEBUG [9ef5af12] 	1ea06adec530f7a87981d7c5ed1ef645e3be5a12
 DEBUG [9ef5af12] Finished in 0.050 seconds with exit status 0 (successful).
 DEBUG [7b0b2228] Running [ -f /home/max/www/cocept-cap/repo/HEAD ] as max@cocept.io
 DEBUG [7b0b2228] Command: [ -f /home/max/www/cocept-cap/repo/HEAD ]
 DEBUG [7b0b2228] Finished in 0.050 seconds with exit status 0 (successful).
  INFO The repository mirror is at /home/max/www/cocept-cap/repo
 DEBUG [87429e66] Running if test ! -d /home/max/www/cocept-cap/repo; then echo "Directory does not exist '/home/max/www/cocept-cap/repo'" 1>&2; false; fi as max@cocept.io
 DEBUG [87429e66] Command: if test ! -d /home/max/www/cocept-cap/repo; then echo "Directory does not exist '/home/max/www/cocept-cap/repo'" 1>&2; false; fi
 DEBUG [87429e66] Finished in 0.049 seconds with exit status 0 (successful).
  INFO [d7903feb] Running /usr/bin/env git remote update --prune as max@cocept.io
 DEBUG [d7903feb] Command: cd /home/max/www/cocept-cap/repo && ( export GIT_ASKPASS="/bin/echo" GIT_SSH="/tmp/Cocept/git-ssh.sh" ; /usr/bin/env git remote update --prune )
 DEBUG [d7903feb] 	Fetching origin
  INFO [d7903feb] Finished in 1.563 seconds with exit status 0 (successful).
 DEBUG [f9668563] Running if test ! -d /home/max/www/cocept-cap/repo; then echo "Directory does not exist '/home/max/www/cocept-cap/repo'" 1>&2; false; fi as max@cocept.io
 DEBUG [f9668563] Command: if test ! -d /home/max/www/cocept-cap/repo; then echo "Directory does not exist '/home/max/www/cocept-cap/repo'" 1>&2; false; fi
 DEBUG [f9668563] Finished in 0.073 seconds with exit status 0 (successful).
  INFO [bc11d1a8] Running /usr/bin/env mkdir -p /home/max/www/cocept-cap/releases/20160518172633 as max@cocept.io
 DEBUG [bc11d1a8] Command: cd /home/max/www/cocept-cap/repo && ( export GIT_ASKPASS="/bin/echo" GIT_SSH="/tmp/Cocept/git-ssh.sh" ; /usr/bin/env mkdir -p /home/max/www/cocept-cap/releases/20160518172633 )
  INFO [bc11d1a8] Finished in 0.053 seconds with exit status 0 (successful).
  INFO [dac577b1] Running /usr/bin/env git archive master | tar -x -f - -C /home/max/www/cocept-cap/releases/20160518172633 as max@cocept.io
 DEBUG [dac577b1] Command: cd /home/max/www/cocept-cap/repo && ( export GIT_ASKPASS="/bin/echo" GIT_SSH="/tmp/Cocept/git-ssh.sh" ; /usr/bin/env git archive master | tar -x -f - -C /home/max/www/cocept-cap/releases/20160518172633 )
  INFO [dac577b1] Finished in 0.155 seconds with exit status 0 (successful).
 DEBUG [b3005d6b] Running if test ! -d /home/max/www/cocept-cap/repo; then echo "Directory does not exist '/home/max/www/cocept-cap/repo'" 1>&2; false; fi as max@cocept.io
 DEBUG [b3005d6b] Command: if test ! -d /home/max/www/cocept-cap/repo; then echo "Directory does not exist '/home/max/www/cocept-cap/repo'" 1>&2; false; fi
 DEBUG [b3005d6b] Finished in 0.050 seconds with exit status 0 (successful).
 DEBUG [843421fb] Running /usr/bin/env git rev-list --max-count=1 master as max@cocept.io
 DEBUG [843421fb] Command: cd /home/max/www/cocept-cap/repo && ( export GIT_ASKPASS="/bin/echo" GIT_SSH="/tmp/Cocept/git-ssh.sh" ; /usr/bin/env git rev-list --max-count=1 master )
 DEBUG [843421fb] 	1ea06adec530f7a87981d7c5ed1ef645e3be5a12
 DEBUG [843421fb] Finished in 0.051 seconds with exit status 0 (successful).
 DEBUG [d50f7651] Running if test ! -d /home/max/www/cocept-cap/releases/20160518172633; then echo "Directory does not exist '/home/max/www/cocept-cap/releases/20160518172633'" 1>&2; false; fi as max@cocept.io
 DEBUG [d50f7651] Command: if test ! -d /home/max/www/cocept-cap/releases/20160518172633; then echo "Directory does not exist '/home/max/www/cocept-cap/releases/20160518172633'" 1>&2; false; fi
 DEBUG [d50f7651] Finished in 0.050 seconds with exit status 0 (successful).
  INFO [acbf35c5] Running /usr/bin/env echo "1ea06adec530f7a87981d7c5ed1ef645e3be5a12" >> REVISION as max@cocept.io
 DEBUG [acbf35c5] Command: cd /home/max/www/cocept-cap/releases/20160518172633 && /usr/bin/env echo "1ea06adec530f7a87981d7c5ed1ef645e3be5a12" >> REVISION
  INFO [acbf35c5] Finished in 0.050 seconds with exit status 0 (successful).
  INFO [1419ec84] Running /usr/bin/env ln -s /home/max/www/cocept-cap/releases/20160518172633 /home/max/www/cocept-cap/releases/current as max@cocept.io
 DEBUG [1419ec84] Command: /usr/bin/env ln -s /home/max/www/cocept-cap/releases/20160518172633 /home/max/www/cocept-cap/releases/current
  INFO [1419ec84] Finished in 0.050 seconds with exit status 0 (successful).
  INFO [e147102e] Running /usr/bin/env mv /home/max/www/cocept-cap/releases/current /home/max/www/cocept-cap as max@cocept.io
 DEBUG [e147102e] Command: /usr/bin/env mv /home/max/www/cocept-cap/releases/current /home/max/www/cocept-cap
  INFO [e147102e] Finished in 0.050 seconds with exit status 0 (successful).
 DEBUG [a39b03c0] Running if test ! -d /home/max/www/cocept-cap; then echo "Directory does not exist '/home/max/www/cocept-cap'" 1>&2; false; fi as max@cocept.io
 DEBUG [a39b03c0] Command: if test ! -d /home/max/www/cocept-cap; then echo "Directory does not exist '/home/max/www/cocept-cap'" 1>&2; false; fi
 DEBUG [a39b03c0] Finished in 0.051 seconds with exit status 0 (successful).
  INFO [c6191f4d] Running /usr/bin/env jekyll build as max@cocept.io
 DEBUG [c6191f4d] Command: cd /home/max/www/cocept-cap && /usr/bin/env jekyll build
 DEBUG [c6191f4d] 	/usr/bin/env: 
 DEBUG [c6191f4d] 	‘jekyll’
 DEBUG [c6191f4d] 	: No such file or directory
 DEBUG [c6191f4d] 	
  INFO ---------------------------------------------------------------------------
  INFO START 2016-05-18 18:46:47 +0100 cap production deploy
  INFO ---------------------------------------------------------------------------
 DEBUG [93dbfbf3] Running [ -d ~/.rvm ] as max@cocept.io
 DEBUG [93dbfbf3] Command: [ -d ~/.rvm ]
 DEBUG [93dbfbf3] Finished in 1.081 seconds with exit status 0 (successful).
 DEBUG [120bbec7] Running ~/.rvm/bin/rvm version as max@cocept.io
 DEBUG [120bbec7] Command: ~/.rvm/bin/rvm version
 DEBUG [120bbec7] 	rvm 1.27.0 (latest) by Wayne E. Seguin <wayneeseguin@gmail.com>, Michal Papis <mpapis@gmail.com> [https://rvm.io/]
 DEBUG [120bbec7] Finished in 0.240 seconds with exit status 0 (successful).
 DEBUG [80dd5a12] Running ~/.rvm/bin/rvm current as max@cocept.io
 DEBUG [80dd5a12] Command: ~/.rvm/bin/rvm current
 DEBUG [80dd5a12] 	ruby-2.0.0-p648
 DEBUG [80dd5a12] Finished in 0.215 seconds with exit status 0 (successful).
 DEBUG [f05bd00f] Running ~/.rvm/bin/rvm default do ruby --version as max@cocept.io
 DEBUG [f05bd00f] Command: ~/.rvm/bin/rvm default do ruby --version
 DEBUG [f05bd00f] 	ruby 2.0.0p648 (2015-12-16 revision 53162) [x86_64-linux]
 DEBUG [f05bd00f] Finished in 0.339 seconds with exit status 0 (successful).
  INFO [52946c8f] Running /usr/bin/env mkdir -p /tmp/Cocept/ as max@cocept.io
 DEBUG [52946c8f] Command: /usr/bin/env mkdir -p /tmp/Cocept/
  INFO [52946c8f] Finished in 0.050 seconds with exit status 0 (successful).
 DEBUG Uploading /tmp/Cocept/git-ssh.sh 0.0%
  INFO Uploading /tmp/Cocept/git-ssh.sh 100.0%
  INFO [b6acd111] Running /usr/bin/env chmod +rx /tmp/Cocept/git-ssh.sh as max@cocept.io
 DEBUG [b6acd111] Command: /usr/bin/env chmod +rx /tmp/Cocept/git-ssh.sh
  INFO [b6acd111] Finished in 0.050 seconds with exit status 0 (successful).
  INFO [b89a49ed] Running /usr/bin/env git ls-remote --heads git@github.com:cocept/cocept.github.io.git as max@cocept.io
 DEBUG [b89a49ed] Command: ( export GIT_ASKPASS="/bin/echo" GIT_SSH="/tmp/Cocept/git-ssh.sh" ; /usr/bin/env git ls-remote --heads git@github.com:cocept/cocept.github.io.git )
 DEBUG [b89a49ed] 	Warning: Permanently added the RSA host key for IP address '192.30.252.130' to the list of known hosts.
 DEBUG [b89a49ed] 	91cb4d48fe54b281193611fb98f5a6d687c3692f	refs/heads/canvas
1ea06adec530f7a87981d7c5ed1ef645e3be5a12	refs/heads/master
  INFO [b89a49ed] Finished in 1.607 seconds with exit status 0 (successful).
  INFO [919fed56] Running /usr/bin/env mkdir -p /home/max/www/cocept-cap/shared /home/max/www/cocept-cap/releases as max@cocept.io
 DEBUG [919fed56] Command: /usr/bin/env mkdir -p /home/max/www/cocept-cap/shared /home/max/www/cocept-cap/releases
  INFO [919fed56] Finished in 0.072 seconds with exit status 0 (successful).
 DEBUG [c0e7ec01] Running [ -f /home/max/www/cocept-cap/current/REVISION ] as max@cocept.io
 DEBUG [c0e7ec01] Command: [ -f /home/max/www/cocept-cap/current/REVISION ]
 DEBUG [c0e7ec01] Finished in 0.049 seconds with exit status 0 (successful).
 DEBUG [f4b6d7b5] Running /usr/bin/env cat /home/max/www/cocept-cap/current/REVISION 2>/dev/null as max@cocept.io
 DEBUG [f4b6d7b5] Command: /usr/bin/env cat /home/max/www/cocept-cap/current/REVISION 2>/dev/null
 DEBUG [f4b6d7b5] 	1ea06adec530f7a87981d7c5ed1ef645e3be5a12
 DEBUG [f4b6d7b5] Finished in 0.052 seconds with exit status 0 (successful).
 DEBUG [1b09ab3e] Running [ -f /home/max/www/cocept-cap/repo/HEAD ] as max@cocept.io
 DEBUG [1b09ab3e] Command: [ -f /home/max/www/cocept-cap/repo/HEAD ]
 DEBUG [1b09ab3e] Finished in 0.049 seconds with exit status 0 (successful).
  INFO The repository mirror is at /home/max/www/cocept-cap/repo
 DEBUG [0d4d04a0] Running if test ! -d /home/max/www/cocept-cap/repo; then echo "Directory does not exist '/home/max/www/cocept-cap/repo'" 1>&2; false; fi as max@cocept.io
 DEBUG [0d4d04a0] Command: if test ! -d /home/max/www/cocept-cap/repo; then echo "Directory does not exist '/home/max/www/cocept-cap/repo'" 1>&2; false; fi
 DEBUG [0d4d04a0] Finished in 0.050 seconds with exit status 0 (successful).
  INFO [0d54944b] Running /usr/bin/env git remote update --prune as max@cocept.io
 DEBUG [0d54944b] Command: cd /home/max/www/cocept-cap/repo && ( export GIT_ASKPASS="/bin/echo" GIT_SSH="/tmp/Cocept/git-ssh.sh" ; /usr/bin/env git remote update --prune )
 DEBUG [0d54944b] 	Fetching origin
  INFO [0d54944b] Finished in 1.284 seconds with exit status 0 (successful).
 DEBUG [1bd9f428] Running if test ! -d /home/max/www/cocept-cap/repo; then echo "Directory does not exist '/home/max/www/cocept-cap/repo'" 1>&2; false; fi as max@cocept.io
 DEBUG [1bd9f428] Command: if test ! -d /home/max/www/cocept-cap/repo; then echo "Directory does not exist '/home/max/www/cocept-cap/repo'" 1>&2; false; fi
 DEBUG [1bd9f428] Finished in 0.074 seconds with exit status 0 (successful).
  INFO [f0a05f27] Running /usr/bin/env mkdir -p /home/max/www/cocept-cap/releases/20160518174651 as max@cocept.io
 DEBUG [f0a05f27] Command: cd /home/max/www/cocept-cap/repo && ( export GIT_ASKPASS="/bin/echo" GIT_SSH="/tmp/Cocept/git-ssh.sh" ; /usr/bin/env mkdir -p /home/max/www/cocept-cap/releases/20160518174651 )
  INFO [f0a05f27] Finished in 0.064 seconds with exit status 0 (successful).
  INFO [6a673a72] Running /usr/bin/env git archive master | tar -x -f - -C /home/max/www/cocept-cap/releases/20160518174651 as max@cocept.io
 DEBUG [6a673a72] Command: cd /home/max/www/cocept-cap/repo && ( export GIT_ASKPASS="/bin/echo" GIT_SSH="/tmp/Cocept/git-ssh.sh" ; /usr/bin/env git archive master | tar -x -f - -C /home/max/www/cocept-cap/releases/20160518174651 )
  INFO [6a673a72] Finished in 0.161 seconds with exit status 0 (successful).
 DEBUG [912a87f5] Running if test ! -d /home/max/www/cocept-cap/repo; then echo "Directory does not exist '/home/max/www/cocept-cap/repo'" 1>&2; false; fi as max@cocept.io
 DEBUG [912a87f5] Command: if test ! -d /home/max/www/cocept-cap/repo; then echo "Directory does not exist '/home/max/www/cocept-cap/repo'" 1>&2; false; fi
 DEBUG [912a87f5] Finished in 0.059 seconds with exit status 0 (successful).
 DEBUG [ae1884e3] Running /usr/bin/env git rev-list --max-count=1 master as max@cocept.io
 DEBUG [ae1884e3] Command: cd /home/max/www/cocept-cap/repo && ( export GIT_ASKPASS="/bin/echo" GIT_SSH="/tmp/Cocept/git-ssh.sh" ; /usr/bin/env git rev-list --max-count=1 master )
 DEBUG [ae1884e3] 	1ea06adec530f7a87981d7c5ed1ef645e3be5a12
 DEBUG [ae1884e3] Finished in 0.055 seconds with exit status 0 (successful).
 DEBUG [06e6bc2e] Running if test ! -d /home/max/www/cocept-cap/releases/20160518174651; then echo "Directory does not exist '/home/max/www/cocept-cap/releases/20160518174651'" 1>&2; false; fi as max@cocept.io
 DEBUG [06e6bc2e] Command: if test ! -d /home/max/www/cocept-cap/releases/20160518174651; then echo "Directory does not exist '/home/max/www/cocept-cap/releases/20160518174651'" 1>&2; false; fi
 DEBUG [06e6bc2e] Finished in 0.057 seconds with exit status 0 (successful).
  INFO [279e20e2] Running /usr/bin/env echo "1ea06adec530f7a87981d7c5ed1ef645e3be5a12" >> REVISION as max@cocept.io
 DEBUG [279e20e2] Command: cd /home/max/www/cocept-cap/releases/20160518174651 && /usr/bin/env echo "1ea06adec530f7a87981d7c5ed1ef645e3be5a12" >> REVISION
  INFO [279e20e2] Finished in 0.052 seconds with exit status 0 (successful).
  INFO [214820ee] Running /usr/bin/env ln -s /home/max/www/cocept-cap/releases/20160518174651 /home/max/www/cocept-cap/releases/current as max@cocept.io
 DEBUG [214820ee] Command: /usr/bin/env ln -s /home/max/www/cocept-cap/releases/20160518174651 /home/max/www/cocept-cap/releases/current
  INFO [214820ee] Finished in 0.050 seconds with exit status 0 (successful).
  INFO [32846fb9] Running /usr/bin/env mv /home/max/www/cocept-cap/releases/current /home/max/www/cocept-cap as max@cocept.io
 DEBUG [32846fb9] Command: /usr/bin/env mv /home/max/www/cocept-cap/releases/current /home/max/www/cocept-cap
  INFO [32846fb9] Finished in 0.050 seconds with exit status 0 (successful).
 DEBUG [0ab4b851] Running if test ! -d /home/max/www/cocept-cap; then echo "Directory does not exist '/home/max/www/cocept-cap'" 1>&2; false; fi as max@cocept.io
 DEBUG [0ab4b851] Command: if test ! -d /home/max/www/cocept-cap; then echo "Directory does not exist '/home/max/www/cocept-cap'" 1>&2; false; fi
 DEBUG [0ab4b851] Finished in 0.057 seconds with exit status 0 (successful).
  INFO [d6b70466] Running /usr/bin/env jekyll build as max@cocept.io
 DEBUG [d6b70466] Command: cd /home/max/www/cocept-cap && /usr/bin/env jekyll build
 DEBUG [d6b70466] 	/usr/bin/env: 
 DEBUG [d6b70466] 	‘jekyll’
 DEBUG [d6b70466] 	: No such file or directory
 DEBUG [d6b70466] 	
